0 info it worked if it ends with ok
1 verbose cli [ '/Users/r2fresh/.nvm/versions/v4.4.5/bin/node',
1 verbose cli   '/Users/r2fresh/.nvm/versions/v4.4.5/bin/npm',
1 verbose cli   'install',
1 verbose cli   '--save-dev',
1 verbose cli   'http://code.jquery.com/jquery-1.9.1.js' ]
2 info using npm@2.15.5
3 info using node@v4.4.5
4 verbose install initial load of /Users/r2fresh/workspace/cms_statistic/package.json
5 verbose installManyTop reading scoped package data from /Users/r2fresh/workspace/cms_statistic/node_modules/admin-lte/package.json
6 verbose installManyTop reading scoped package data from /Users/r2fresh/workspace/cms_statistic/node_modules/babel-core/package.json
7 verbose installManyTop reading scoped package data from /Users/r2fresh/workspace/cms_statistic/node_modules/babel-loader/package.json
8 verbose installManyTop reading scoped package data from /Users/r2fresh/workspace/cms_statistic/node_modules/babel-preset-es2015/package.json
9 verbose installManyTop reading scoped package data from /Users/r2fresh/workspace/cms_statistic/node_modules/babel-preset-react/package.json
10 verbose installManyTop reading scoped package data from /Users/r2fresh/workspace/cms_statistic/node_modules/bootstrap/package.json
11 verbose installManyTop reading scoped package data from /Users/r2fresh/workspace/cms_statistic/node_modules/bootstrap-material-design/package.json
12 verbose installManyTop reading scoped package data from /Users/r2fresh/workspace/cms_statistic/node_modules/bower/package.json
13 verbose installManyTop reading scoped package data from /Users/r2fresh/workspace/cms_statistic/node_modules/font-awesome/package.json
14 verbose installManyTop reading scoped package data from /Users/r2fresh/workspace/cms_statistic/node_modules/fontawesome/package.json
15 verbose installManyTop reading scoped package data from /Users/r2fresh/workspace/cms_statistic/node_modules/jquery/package.json
16 verbose installManyTop reading scoped package data from /Users/r2fresh/workspace/cms_statistic/node_modules/json-loader/package.json
17 verbose installManyTop reading scoped package data from /Users/r2fresh/workspace/cms_statistic/node_modules/react/package.json
18 verbose installManyTop reading scoped package data from /Users/r2fresh/workspace/cms_statistic/node_modules/react-dom/package.json
19 verbose installManyTop reading scoped package data from /Users/r2fresh/workspace/cms_statistic/node_modules/webpack/package.json
20 verbose installManyTop reading scoped package data from /Users/r2fresh/workspace/cms_statistic/node_modules/webpack-dev-server/package.json
21 verbose readDependencies loading dependencies from /Users/r2fresh/workspace/cms_statistic/package.json
22 silly cache add args [ 'http://code.jquery.com/jquery-1.9.1.js', null ]
23 verbose cache add spec http://code.jquery.com/jquery-1.9.1.js
24 silly cache add parsed spec Result {
24 silly cache add   raw: 'http://code.jquery.com/jquery-1.9.1.js',
24 silly cache add   scope: null,
24 silly cache add   name: null,
24 silly cache add   rawSpec: 'http://code.jquery.com/jquery-1.9.1.js',
24 silly cache add   spec: 'http://code.jquery.com/jquery-1.9.1.js',
24 silly cache add   type: 'remote' }
25 silly mapToRegistry name http://code.jquery.com/jquery-1.9.1.js
26 silly mapToRegistry using default registry
27 silly mapToRegistry registry https://registry.npmjs.org/
28 silly mapToRegistry data Result {
28 silly mapToRegistry   raw: 'http://code.jquery.com/jquery-1.9.1.js',
28 silly mapToRegistry   scope: null,
28 silly mapToRegistry   name: null,
28 silly mapToRegistry   rawSpec: 'http://code.jquery.com/jquery-1.9.1.js',
28 silly mapToRegistry   spec: 'http://code.jquery.com/jquery-1.9.1.js',
28 silly mapToRegistry   type: 'remote' }
29 silly mapToRegistry uri http://code.jquery.com/jquery-1.9.1.js
30 verbose addRemoteTarball http://code.jquery.com/jquery-1.9.1.js not in flight; adding
31 verbose addRemoteTarball [ 'http://code.jquery.com/jquery-1.9.1.js', null ]
32 info retry fetch attempt 1 at 14:41:28
33 info attempt registry request try #1 at 14:41:28
34 http fetch GET http://code.jquery.com/jquery-1.9.1.js
35 verbose request id 9a00c1c7da12775f
36 http fetch 200 http://code.jquery.com/jquery-1.9.1.js
37 silly fetchAndShaCheck shasum 9257afd2d46c3a189ec0d40a45722701d47e9ca5
38 verbose addTmpTarball /var/folders/tq/fd1grc2d5w97rc2hj2w2ryz00000gn/T/npm-1166-fffb1614/code.jquery.com/jquery-1.9.1.js not in flight; adding
39 verbose correctMkdir /Users/r2fresh/.npm correctMkdir not in flight; initializing
40 verbose addTmpTarball validating metadata from /var/folders/tq/fd1grc2d5w97rc2hj2w2ryz00000gn/T/npm-1166-fffb1614/code.jquery.com/jquery-1.9.1.js
41 verbose tar unpack /var/folders/tq/fd1grc2d5w97rc2hj2w2ryz00000gn/T/npm-1166-fffb1614/code.jquery.com/jquery-1.9.1.js
42 verbose tar unpacking to /var/folders/tq/fd1grc2d5w97rc2hj2w2ryz00000gn/T/npm-1166-fffb1614/unpack-5b8e0da4d89e
43 silly gentlyRm /var/folders/tq/fd1grc2d5w97rc2hj2w2ryz00000gn/T/npm-1166-fffb1614/unpack-5b8e0da4d89e is being purged
44 verbose gentlyRm don't care about contents; nuking /var/folders/tq/fd1grc2d5w97rc2hj2w2ryz00000gn/T/npm-1166-fffb1614/unpack-5b8e0da4d89e
45 silly gunzTarPerm modes [ '755', '644' ]
46 error not a package /var/folders/tq/fd1grc2d5w97rc2hj2w2ryz00000gn/T/npm-1166-fffb1614/code.jquery.com/jquery-1.9.1.js
47 verbose stack Error: ENOENT: no such file or directory, open '/var/folders/tq/fd1grc2d5w97rc2hj2w2ryz00000gn/T/npm-1166-fffb1614/unpack-5b8e0da4d89e/package.json'
47 verbose stack     at Error (native)
48 verbose cwd /Users/r2fresh/workspace/cms_statistic
49 error Darwin 15.5.0
50 error argv "/Users/r2fresh/.nvm/versions/v4.4.5/bin/node" "/Users/r2fresh/.nvm/versions/v4.4.5/bin/npm" "install" "--save-dev" "http://code.jquery.com/jquery-1.9.1.js"
51 error node v4.4.5
52 error npm  v2.15.5
53 error path /var/folders/tq/fd1grc2d5w97rc2hj2w2ryz00000gn/T/npm-1166-fffb1614/unpack-5b8e0da4d89e/package.json
54 error code ENOENT
55 error errno -2
56 error syscall open
57 error enoent ENOENT: no such file or directory, open '/var/folders/tq/fd1grc2d5w97rc2hj2w2ryz00000gn/T/npm-1166-fffb1614/unpack-5b8e0da4d89e/package.json'
57 error enoent This is most likely not a problem with npm itself
57 error enoent and is related to npm not being able to find a file.
58 verbose exit [ -2, true ]
